./bin/programa;
=========================================== NOVO INSERIR COM OVERFLOW ===========================================
>>>>>>>>>>>>>> PARA INSERIR: 220709736
>>>>>>>>>>>>>> ONDE INSERIR -> RRN: 0 C[0]: 7678764 -> C[1]: 1324250316 -> C[2]: 1324258050 -> C[3]: 7945435008 -> 

>>>>>>>>>>>>>> NO ANTERIOR ANTES DA INSERCAO -> RRN: -1 C[0]: -1 -> C[1]: -1 -> C[2]: -1 -> C[3]: -1 -> C[4]: 0 -> 

INSERE OVERFLOW -> NOVA RAIZ: 2
>>>>>>>>>>>>>>>>>>>>>>>>>>>>>>> NOVA RAIZ => RRN: 2
C[0]: 1324250316 -> P[0]: 0 || C[1]: -1 -> P[1]: 1 || C[2]: -1 -> P[2]: -1 || C[3]: -1 -> P[3]: -1 || P[5]: -1

>>>>>>>>>>>>>> CHAVE PARA PROMOVER: 1324250316
>>>>>>>>>>>>>> NO APOS INSERCAO -> RRN: 2 C[0]: 1324250316 -> C[1]: -1 -> C[2]: -1 -> C[3]: -1 -> C[4]: 0 -> 

    >>>>>>>>>>>>>> NO ESQUERDA -> RRN: 0 C[0]: 7678764 -> C[1]: 220709736 -> C[2]: -1 -> C[3]: -1 -> C[4]: 0 ->     
>>>>>>>>>>>>>> NO DIREITA -> RRN: 1 C[0]: 1324258050 -> C[1]: 7945435008 -> C[2]: -1 -> C[3]: -1 -> C[4]: 0 -> 

=========================================== NOVO INSERIR COM OVERFLOW ===========================================
>>>>>>>>>>>>>> PARA INSERIR: 1324256790
>>>>>>>>>>>>>> ONDE INSERIR -> RRN: 1 C[0]: 1324258050 -> C[1]: 1324259586 -> C[2]: 7945435008 -> C[3]: 7945548084 -> 

>>>>>>>>>>>>>> NO ANTERIOR ANTES DA INSERCAO -> RRN: 2 C[0]: 1324250316 -> C[1]: -1 -> C[2]: -1 -> C[3]: -1 -> C[4]: 0 -> 

RRN DO NO ANTERIOR: 2 || NRO CHAVES: 1
>>>>>>>>>>>>>> CHAVE PARA PROMOVER: 1324259586
>>>>>>>>>>>>>> NO APOS INSERCAO -> RRN: 2 C[0]: 1324250316 -> C[1]: 1324259586 -> C[2]: -1 -> C[3]: -1 -> C[4]: 0 -> 

    >>>>>>>>>>>>>> NO ESQUERDA -> RRN: 1 C[0]: 1324256790 -> C[1]: 1324258050 -> C[2]: -1 -> C[3]: -1 -> C[4]: 0 ->     
>>>>>>>>>>>>>> NO DIREITA -> RRN: 3 C[0]: 7945435008 -> C[1]: 7945548084 -> C[2]: -1 -> C[3]: -1 -> C[4]: 0 -> 

=========================================== NOVO INSERIR COM OVERFLOW ===========================================
>>>>>>>>>>>>>> PARA INSERIR: 10297418179038
>>>>>>>>>>>>>> ONDE INSERIR -> RRN: 3 C[0]: 7945435008 -> C[1]: 7945548084 -> C[2]: 1644012826770 -> C[3]: 1716239166222 -> 

>>>>>>>>>>>>>> NO ANTERIOR ANTES DA INSERCAO -> RRN: 2 C[0]: 1324250316 -> C[1]: 1324259586 -> C[2]: -1 -> C[3]: -1 -> C[4]: 0 -> 

RRN DO NO ANTERIOR: 2 || NRO CHAVES: 2
>>>>>>>>>>>>>> CHAVE PARA PROMOVER: 1644012826770
>>>>>>>>>>>>>> NO APOS INSERCAO -> RRN: 2 C[0]: 1324250316 -> C[1]: 1324259586 -> C[2]: 1644012826770 -> C[3]: -1 -> C[4]: 0 -> 

    >>>>>>>>>>>>>> NO ESQUERDA -> RRN: 3 C[0]: 7945435008 -> C[1]: 7945548084 -> C[2]: -1 -> C[3]: -1 -> C[4]: 0 ->     
>>>>>>>>>>>>>> NO DIREITA -> RRN: 4 C[0]: 1716239166222 -> C[1]: 10297418179038 -> C[2]: -1 -> C[3]: -1 -> C[4]: 0 -> 

=========================================== NOVO INSERIR COM OVERFLOW ===========================================
>>>>>>>>>>>>>> PARA INSERIR: 7611167161
>>>>>>>>>>>>>> ONDE INSERIR -> RRN: 3 C[0]: 7945435008 -> C[1]: 7945548084 -> C[2]: 7945558561 -> C[3]: 7945559256 -> 

>>>>>>>>>>>>>> NO ANTERIOR ANTES DA INSERCAO -> RRN: 2 C[0]: 1324250316 -> C[1]: 1324259586 -> C[2]: 1644012826770 -> C[3]: -1 -> C[4]: 0 -> 

RRN DO NO ANTERIOR: 2 || NRO CHAVES: 3
>>>>>>>>>>>>>> CHAVE PARA PROMOVER: 7945548084
>>>>>>>>>>>>>> NO APOS INSERCAO -> RRN: 2 C[0]: 1324250316 -> C[1]: 1324259586 -> C[2]: 7945548084 -> C[3]: 1644012826770 -> C[4]: 0 -> 

    >>>>>>>>>>>>>> NO ESQUERDA -> RRN: 3 C[0]: 7611167161 -> C[1]: 7945435008 -> C[2]: -1 -> C[3]: -1 -> C[4]: 0 ->     
>>>>>>>>>>>>>> NO DIREITA -> RRN: 5 C[0]: 7945558561 -> C[1]: 7945559256 -> C[2]: -1 -> C[3]: -1 -> C[4]: 0 -> 

=========================================== NOVO INSERIR COM OVERFLOW ===========================================
>>>>>>>>>>>>>> PARA INSERIR: 220709845
>>>>>>>>>>>>>> ONDE INSERIR -> RRN: 0 C[0]: 7678764 -> C[1]: 220709736 -> C[2]: 936625320 -> C[3]: 1324249278 -> 

>>>>>>>>>>>>>> NO ANTERIOR ANTES DA INSERCAO -> RRN: 2 C[0]: 1324250316 -> C[1]: 1324259586 -> C[2]: 7945548084 -> C[3]: 1644012826770 -> C[4]: 0 -> 

RRN DO NO ANTERIOR: 2 || NRO CHAVES: 4
>>>>>>>>>>>>>> CHAVE PARA PROMOVER: 220709845
>>>>>>>>>>>>>> NO APOS INSERCAO -> RRN: 2 C[0]: 1324250316 -> C[1]: 1324259586 -> C[2]: 7945548084 -> C[3]: 1644012826770 -> C[4]: 0 -> 

    >>>>>>>>>>>>>> NO ESQUERDA -> RRN: 0 C[0]: 7678764 -> C[1]: 220709736 -> C[2]: -1 -> C[3]: -1 -> C[4]: 0 ->     
>>>>>>>>>>>>>> NO DIREITA -> RRN: 6 C[0]: 936625320 -> C[1]: 1324249278 -> C[2]: -1 -> C[3]: -1 -> C[4]: 0 -> 

>>>>>>>>>>>>>> PARA INSERIR: 220709845
>>>>>>>>>>>>>> ONDE INSERIR -> RRN: 2 C[0]: 1324250316 -> C[1]: 1324259586 -> C[2]: 7945548084 -> C[3]: 1644012826770 -> 

>>>>>>>>>>>>>> NO ANTERIOR ANTES DA INSERCAO -> RRN: -1 C[0]: -1 -> C[1]: -1 -> C[2]: -1 -> C[3]: -1 -> C[4]: 0 -> 

INSERE OVERFLOW -> NOVA RAIZ: 8
>>>>>>>>>>>>>>>>>>>>>>>>>>>>>>> NOVA RAIZ => RRN: 8
C[0]: 1324259586 -> P[0]: 2 || C[1]: -1 -> P[1]: 7 || C[2]: -1 -> P[2]: -1 || C[3]: -1 -> P[3]: -1 || P[5]: -1

>>>>>>>>>>>>>> CHAVE PARA PROMOVER: 1324259586
>>>>>>>>>>>>>> NO APOS INSERCAO -> RRN: 8 C[0]: 1324259586 -> C[1]: -1 -> C[2]: -1 -> C[3]: -1 -> C[4]: 0 -> 

    >>>>>>>>>>>>>> NO ESQUERDA -> RRN: 2 C[0]: 220709845 -> C[1]: 1324250316 -> C[2]: -1 -> C[3]: -1 -> C[4]: 0 ->     
>>>>>>>>>>>>>> NO DIREITA -> RRN: 7 C[0]: 7945548084 -> C[1]: 1644012826770 -> C[2]: -1 -> C[3]: -1 -> C[4]: 0 -> 

=========================================== NOVO INSERIR COM OVERFLOW ===========================================
>>>>>>>>>>>>>> PARA INSERIR: 280557058598
>>>>>>>>>>>>>> ONDE INSERIR -> RRN: 5 C[0]: 7945558561 -> C[1]: 7945558982 -> C[2]: 7945559256 -> C[3]: 47673208033 -> 

>>>>>>>>>>>>>> NO ANTERIOR ANTES DA INSERCAO -> RRN: 7 C[0]: 7945548084 -> C[1]: 1644012826770 -> C[2]: 61784559935815 -> C[3]: -1 -> C[4]: 0 -> 

RRN DO NO ANTERIOR: 7 || NRO CHAVES: 3
>>>>>>>>>>>>>> CHAVE PARA PROMOVER: 7945559256
>>>>>>>>>>>>>> NO APOS INSERCAO -> RRN: 7 C[0]: 7945548084 -> C[1]: 7945559256 -> C[2]: 1644012826770 -> C[3]: 61784559935815 -> C[4]: 0 -> 

    >>>>>>>>>>>>>> NO ESQUERDA -> RRN: 5 C[0]: 7945558561 -> C[1]: 7945558982 -> C[2]: -1 -> C[3]: -1 -> C[4]: 0 ->     
>>>>>>>>>>>>>> NO DIREITA -> RRN: 9 C[0]: 47673208033 -> C[1]: 280557058598 -> C[2]: -1 -> C[3]: -1 -> C[4]: 0 -> 

60 - 35 = 25
1251.680000
