./bin/programa;
OFFSET: 1600
OFFSET: 1760
OFFSET: 1920
OFFSET: 2080
OFFSET: 2240
OFFSET: 2400
OFFSET: 2560
OFFSET: 2720
=========================================== NOVO INSERIR COM OVERFLOW ===========================================
>>>>>>>>>>>>>> NO ANTERIOR ANTES DA INSERCAO -> RRN: -1 C[0]: -1 -> C[1]: -1 -> C[2]: -1 -> C[3]: -1 -> C[4]: 0 -> 

INSERE OVERFLOW -> NOVA RAIZ: 2
>>>>>>>>>>>>>> CHAVE PARA PROMOVER: 1324250316
>>>>>>>>>>>>>> NO APOS INSERCAO -> RRN: 2 C[0]: 1324250316 -> P[0]: 0 || C[1]: -1 -> P[1]: 1 || C[2]: -1 -> P[2]: -1 || C[3]: -1 -> P[3]: -1 || C[4]: 0 -> P[4]: -1 || 

  >>>>>>>>>>>>>> NO ESQUERDA -> RRN: 0 C[0]: 7678764 -> P[0]: -1 || C[1]: 1324250142 -> P[1]: -1 || C[2]: -1 -> P[2]: -1 || C[3]: -1 -> P[3]: -1 || C[4]: 0 -> P[4]: -1 || 
  >>>>>>>>>>>>>> NO DIREITA -> RRN: 1 C[0]: 7206587544 -> P[0]: -1 || C[1]: 10297427617056 -> P[1]: -1 || C[2]: -1 -> P[2]: -1 || C[3]: -1 -> P[3]: -1 || C[4]: 0 -> P[4]: -1 || 

OFFSET: 2880
OFFSET: 3040
OFFSET: 3200
OFFSET: 3360
=========================================== NOVO INSERIR COM OVERFLOW ===========================================
>>>>>>>>>>>>>> NO ANTERIOR ANTES DA INSERCAO -> RRN: 2 C[0]: 1324250316 -> C[1]: -1 -> C[2]: -1 -> C[3]: -1 -> C[4]: 0 -> 

>>>>>>>>>>>>>> CHAVE PARA PROMOVER: 47673351570
>>>>>>>>>>>>>> NO APOS INSERCAO -> RRN: 2 C[0]: 1324250316 -> P[0]: 0 || C[1]: 47673351570 -> P[1]: 1 || C[2]: -1 -> P[2]: 3 || C[3]: -1 -> P[3]: -1 || C[4]: 0 -> P[4]: -1 || 

  >>>>>>>>>>>>>> NO ESQUERDA -> RRN: 1 C[0]: 1324258050 -> P[0]: -1 || C[1]: 7206587544 -> P[1]: -1 || C[2]: -1 -> P[2]: -1 || C[3]: -1 -> P[3]: -1 || C[4]: 0 -> P[4]: -1 || 
  >>>>>>>>>>>>>> NO DIREITA -> RRN: 3 C[0]: 47673364854 -> P[0]: -1 || C[1]: 10297427617056 -> P[1]: -1 || C[2]: -1 -> P[2]: -1 || C[3]: -1 -> P[3]: -1 || C[4]: 0 -> P[4]: -1 || 

OFFSET: 3520
OFFSET: 3680
OFFSET: 3840
OFFSET: 4000
OFFSET: 4160
OFFSET: 4320
OFFSET: 4480
OFFSET: 4640
OFFSET: 4800
=========================================== NOVO INSERIR COM OVERFLOW ===========================================
>>>>>>>>>>>>>> NO ANTERIOR ANTES DA INSERCAO -> RRN: 2 C[0]: 1324250316 -> C[1]: 47673351570 -> C[2]: -1 -> C[3]: -1 -> C[4]: 0 -> 

>>>>>>>>>>>>>> CHAVE PARA PROMOVER: 936625320
>>>>>>>>>>>>>> NO APOS INSERCAO -> RRN: 2 C[0]: 936625320 -> P[0]: 0 || C[1]: 1324250316 -> P[1]: 4 || C[2]: 47673351570 -> P[2]: 1 || C[3]: -1 -> P[3]: 3 || C[4]: 0 -> P[4]: -1 || 

  >>>>>>>>>>>>>> NO ESQUERDA -> RRN: 0 C[0]: 7678764 -> P[0]: -1 || C[1]: 220709736 -> P[1]: -1 || C[2]: -1 -> P[2]: -1 || C[3]: -1 -> P[3]: -1 || C[4]: 0 -> P[4]: -1 || 
  >>>>>>>>>>>>>> NO DIREITA -> RRN: 4 C[0]: 1324249278 -> P[0]: -1 || C[1]: 1324250142 -> P[1]: -1 || C[2]: -1 -> P[2]: -1 || C[3]: -1 -> P[3]: -1 || C[4]: 0 -> P[4]: -1 || 

OFFSET: 4960
OFFSET: 5120
OFFSET: 5280
OFFSET: 5440
=========================================== NOVO INSERIR COM OVERFLOW ===========================================
>>>>>>>>>>>>>> NO ANTERIOR ANTES DA INSERCAO -> RRN: 2 C[0]: 936625320 -> C[1]: 1324250316 -> C[2]: 47673351570 -> C[3]: -1 -> C[4]: 0 -> 

>>>>>>>>>>>>>> CHAVE PARA PROMOVER: 7206587544
>>>>>>>>>>>>>> NO APOS INSERCAO -> RRN: 2 C[0]: 936625320 -> P[0]: 0 || C[1]: 1324250316 -> P[1]: 4 || C[2]: 7206587544 -> P[2]: 1 || C[3]: 47673351570 -> P[3]: 5 || C[4]: 0 -> P[4]: 3 || 

  >>>>>>>>>>>>>> NO ESQUERDA -> RRN: 1 C[0]: 1324258050 -> P[0]: -1 || C[1]: 1324259586 -> P[1]: -1 || C[2]: -1 -> P[2]: -1 || C[3]: -1 -> P[3]: -1 || C[4]: 0 -> P[4]: -1 || 
  >>>>>>>>>>>>>> NO DIREITA -> RRN: 5 C[0]: 7945435008 -> P[0]: -1 || C[1]: 7945548084 -> P[1]: -1 || C[2]: -1 -> P[2]: -1 || C[3]: -1 -> P[3]: -1 || C[4]: 0 -> P[4]: -1 || 

OFFSET: 5600
OFFSET: 5760
OFFSET: 5920
OFFSET: 6080
OFFSET: 6240
OFFSET: 6400
OFFSET: 6560
=========================================== NOVO INSERIR COM OVERFLOW ===========================================
>>>>>>>>>>>>>> NO ANTERIOR ANTES DA INSERCAO -> RRN: 2 C[0]: 936625320 -> C[1]: 1324250316 -> C[2]: 7206587544 -> C[3]: 47673351570 -> C[4]: 0 -> 

>>>>>>>>>>>>>> CHAVE PARA PROMOVER: 1644012826770
>>>>>>>>>>>>>> NO APOS INSERCAO -> RRN: 2 C[0]: 936625320 -> P[0]: 0 || C[1]: 1324250316 -> P[1]: 4 || C[2]: 7206587544 -> P[2]: 1 || C[3]: 47673351570 -> P[3]: 5 || C[4]: 0 -> P[4]: 3 || 

  >>>>>>>>>>>>>> NO ESQUERDA -> RRN: 3 C[0]: 47673364854 -> P[0]: -1 || C[1]: 47673761286 -> P[1]: -1 || C[2]: -1 -> P[2]: -1 || C[3]: -1 -> P[3]: -1 || C[4]: 0 -> P[4]: -1 || 
  >>>>>>>>>>>>>> NO DIREITA -> RRN: 6 C[0]: 1716239166222 -> P[0]: -1 || C[1]: 10297427617056 -> P[1]: -1 || C[2]: -1 -> P[2]: -1 || C[3]: -1 -> P[3]: -1 || C[4]: 0 -> P[4]: -1 || 

>>>>>>>>>>>>>> NO ANTERIOR ANTES DA INSERCAO -> RRN: -1 C[0]: -1 -> C[1]: -1 -> C[2]: -1 -> C[3]: -1 -> C[4]: 0 -> 

INSERE OVERFLOW -> NOVA RAIZ: 8
>>>>>>>>>>>>>> CHAVE PARA PROMOVER: 7206587544
>>>>>>>>>>>>>> NO APOS INSERCAO -> RRN: 8 C[0]: 7206587544 -> P[0]: 2 || C[1]: -1 -> P[1]: 7 || C[2]: -1 -> P[2]: -1 || C[3]: -1 -> P[3]: -1 || C[4]: 0 -> P[4]: -1 || 

  >>>>>>>>>>>>>> NO ESQUERDA -> RRN: 2 C[0]: 936625320 -> P[0]: 0 || C[1]: 1324250316 -> P[1]: 4 || C[2]: -1 -> P[2]: -1 || C[3]: -1 -> P[3]: -1 || C[4]: 0 -> P[4]: -1 || 
  >>>>>>>>>>>>>> NO DIREITA -> RRN: 7 C[0]: 47673351570 -> P[0]: 5 || C[1]: 1644012826770 -> P[1]: 3 || C[2]: -1 -> P[2]: -1 || C[3]: -1 -> P[3]: -1 || C[4]: 0 -> P[4]: -1 || 

OFFSET: 6720
OFFSET: 6880
OFFSET: 7040
OFFSET: 7200
OFFSET: 7360
OFFSET: 7520
OFFSET: 7680
=========================================== NOVO INSERIR COM OVERFLOW ===========================================
>>>>>>>>>>>>>> NO ANTERIOR ANTES DA INSERCAO -> RRN: 7 C[0]: 47673351570 -> C[1]: 1644012826770 -> C[2]: 10297418179038 -> C[3]: -1 -> C[4]: 0 -> 

>>>>>>>>>>>>>> CHAVE PARA PROMOVER: 7945548084
>>>>>>>>>>>>>> NO APOS INSERCAO -> RRN: 7 C[0]: 7945548084 -> P[0]: 5 || C[1]: 47673351570 -> P[1]: 9 || C[2]: 1644012826770 -> P[2]: 3 || C[3]: 10297418179038 -> P[3]: -1 || C[4]: 0 -> P[4]: -1 || 

  >>>>>>>>>>>>>> NO ESQUERDA -> RRN: 5 C[0]: 7611167161 -> P[0]: -1 || C[1]: 7945435008 -> P[1]: -1 || C[2]: -1 -> P[2]: -1 || C[3]: -1 -> P[3]: -1 || C[4]: 0 -> P[4]: -1 || 
  >>>>>>>>>>>>>> NO DIREITA -> RRN: 9 C[0]: 7945558561 -> P[0]: -1 || C[1]: 7945559256 -> P[1]: -1 || C[2]: -1 -> P[2]: -1 || C[3]: -1 -> P[3]: -1 || C[4]: 0 -> P[4]: -1 || 

OFFSET: 7840
OFFSET: 8000
OFFSET: 8160
OFFSET: 8320
OFFSET: 8480
OFFSET: 8640
OFFSET: 8800
OFFSET: 8960
=========================================== NOVO INSERIR COM OVERFLOW ===========================================
>>>>>>>>>>>>>> NO ANTERIOR ANTES DA INSERCAO -> RRN: 2 C[0]: 936625320 -> C[1]: 1324250316 -> C[2]: -1 -> C[3]: -1 -> C[4]: 0 -> 

>>>>>>>>>>>>>> CHAVE PARA PROMOVER: 7683301
>>>>>>>>>>>>>> NO APOS INSERCAO -> RRN: 2 C[0]: 7683301 -> P[0]: 0 || C[1]: 936625320 -> P[1]: 10 || C[2]: 1324250316 -> P[2]: 4 || C[3]: -1 -> P[3]: -1 || C[4]: 0 -> P[4]: -1 || 

  >>>>>>>>>>>>>> NO ESQUERDA -> RRN: 0 C[0]: 3339625 -> P[0]: -1 || C[1]: 7678764 -> P[1]: -1 || C[2]: -1 -> P[2]: -1 || C[3]: -1 -> P[3]: -1 || C[4]: 0 -> P[4]: -1 || 
  >>>>>>>>>>>>>> NO DIREITA -> RRN: 10 C[0]: 220709736 -> P[0]: -1 || C[1]: 220709845 -> P[1]: -1 || C[2]: -1 -> P[2]: -1 || C[3]: -1 -> P[3]: -1 || C[4]: 0 -> P[4]: -1 || 

OFFSET: 9120
OFFSET: 9280
=========================================== NOVO INSERIR COM OVERFLOW ===========================================
>>>>>>>>>>>>>> NO ANTERIOR ANTES DA INSERCAO -> RRN: 8 C[0]: 7206587544 -> C[1]: -1 -> C[2]: -1 -> C[3]: -1 -> C[4]: 0 -> 

>>>>>>>>>>>>>> CHAVE PARA PROMOVER: 1644012826770
>>>>>>>>>>>>>> NO APOS INSERCAO -> RRN: 8 C[0]: 7206587544 -> P[0]: 2 || C[1]: 1644012826770 -> P[1]: 7 || C[2]: -1 -> P[2]: 11 || C[3]: -1 -> P[3]: -1 || C[4]: 0 -> P[4]: -1 || 

  >>>>>>>>>>>>>> NO ESQUERDA -> RRN: 7 C[0]: 7945548084 -> P[0]: 5 || C[1]: 47673351570 -> P[1]: 9 || C[2]: -1 -> P[2]: -1 || C[3]: -1 -> P[3]: -1 || C[4]: 0 -> P[4]: -1 || 
  >>>>>>>>>>>>>> NO DIREITA -> RRN: 11 C[0]: 10297418179038 -> P[0]: -1 || C[1]: 61784559935815 -> P[1]: -1 || C[2]: -1 -> P[2]: -1 || C[3]: -1 -> P[3]: -1 || C[4]: 0 -> P[4]: -1 || 

OFFSET: 9440
OFFSET: 9600
OFFSET: 9760
OFFSET: 9920
OFFSET: 10080
OFFSET: 10240
OFFSET: 10400
OFFSET: 10560
OFFSET: 10720
=========================================== NOVO INSERIR COM OVERFLOW ===========================================
>>>>>>>>>>>>>> NO ANTERIOR ANTES DA INSERCAO -> RRN: 7 C[0]: 7945548084 -> C[1]: 47673351570 -> C[2]: -1 -> C[3]: -1 -> C[4]: 0 -> 

>>>>>>>>>>>>>> CHAVE PARA PROMOVER: 7945559256
>>>>>>>>>>>>>> NO APOS INSERCAO -> RRN: 7 C[0]: 7945548084 -> P[0]: 5 || C[1]: 7945559256 -> P[1]: 9 || C[2]: 47673351570 -> P[2]: 12 || C[3]: -1 -> P[3]: -1 || C[4]: 0 -> P[4]: -1 || 

  >>>>>>>>>>>>>> NO ESQUERDA -> RRN: 9 C[0]: 7945558561 -> P[0]: -1 || C[1]: 7945558982 -> P[1]: -1 || C[2]: -1 -> P[2]: -1 || C[3]: -1 -> P[3]: -1 || C[4]: 0 -> P[4]: -1 || 
  >>>>>>>>>>>>>> NO DIREITA -> RRN: 12 C[0]: 8493865729 -> P[0]: -1 || C[1]: 47673208033 -> P[1]: -1 || C[2]: -1 -> P[2]: -1 || C[3]: -1 -> P[3]: -1 || C[4]: 0 -> P[4]: -1 || 

OFFSET: 10880
OFFSET: 11040
OFFSET: 11200
=========================================== NOVO INSERIR COM OVERFLOW ===========================================
>>>>>>>>>>>>>> NO ANTERIOR ANTES DA INSERCAO -> RRN: 8 C[0]: 7206587544 -> C[1]: 1644012826770 -> C[2]: -1 -> C[3]: -1 -> C[4]: 0 -> 

>>>>>>>>>>>>>> CHAVE PARA PROMOVER: 1324250316
>>>>>>>>>>>>>> NO APOS INSERCAO -> RRN: 8 C[0]: 1324250316 -> P[0]: 2 || C[1]: 7206587544 -> P[1]: 13 || C[2]: 1644012826770 -> P[2]: 7 || C[3]: -1 -> P[3]: 11 || C[4]: 0 -> P[4]: -1 || 

  >>>>>>>>>>>>>> NO ESQUERDA -> RRN: 2 C[0]: 7683301 -> P[0]: 0 || C[1]: 936625320 -> P[1]: 10 || C[2]: -1 -> P[2]: -1 || C[3]: -1 -> P[3]: -1 || C[4]: 0 -> P[4]: -1 || 
  >>>>>>>>>>>>>> NO DIREITA -> RRN: 13 C[0]: 1324257830 -> P[0]: -1 || C[1]: 1324266590 -> P[1]: -1 || C[2]: -1 -> P[2]: -1 || C[3]: -1 -> P[3]: -1 || C[4]: 0 -> P[4]: -1 || 

OFFSET: 11360
=========================================== NOVO INSERIR COM OVERFLOW ===========================================
>>>>>>>>>>>>>> NO ANTERIOR ANTES DA INSERCAO -> RRN: 8 C[0]: 1324250316 -> C[1]: 7206587544 -> C[2]: 1644012826770 -> C[3]: -1 -> C[4]: 0 -> 

>>>>>>>>>>>>>> CHAVE PARA PROMOVER: 47673351570
>>>>>>>>>>>>>> NO APOS INSERCAO -> RRN: 8 C[0]: 1324250316 -> P[0]: 2 || C[1]: 7206587544 -> P[1]: 13 || C[2]: 47673351570 -> P[2]: 7 || C[3]: 1644012826770 -> P[3]: 14 || C[4]: 0 -> P[4]: 11 || 

  >>>>>>>>>>>>>> NO ESQUERDA -> RRN: 7 C[0]: 7945548084 -> P[0]: 5 || C[1]: 7945559256 -> P[1]: 9 || C[2]: -1 -> P[2]: -1 || C[3]: -1 -> P[3]: -1 || C[4]: 0 -> P[4]: -1 || 
  >>>>>>>>>>>>>> NO DIREITA -> RRN: 14 C[0]: 280557058598 -> P[0]: -1 || C[1]: 286037565884 -> P[1]: -1 || C[2]: -1 -> P[2]: -1 || C[3]: -1 -> P[3]: -1 || C[4]: 0 -> P[4]: -1 || 

OFFSET: 11520
OFFSET: 11680
OFFSET: 11840
OFFSET: 12000
OFFSET: 12160
OFFSET: 12320
OFFSET: 12480
OFFSET: 12640
OFFSET: 12800
OFFSET: 12960
OFFSET: 13120
OFFSET: 13280
=========================================== NOVO INSERIR COM OVERFLOW ===========================================
>>>>>>>>>>>>>> NO ANTERIOR ANTES DA INSERCAO -> RRN: 7 C[0]: 7945548084 -> C[1]: 7945559256 -> C[2]: 41947218692 -> C[3]: 47056817678 -> C[4]: 0 -> 

>>>>>>>>>>>>>> CHAVE PARA PROMOVER: 7945435008
>>>>>>>>>>>>>> NO APOS INSERCAO -> RRN: 7 C[0]: 7945548084 -> P[0]: 5 || C[1]: 7945559256 -> P[1]: 15 || C[2]: 41947218692 -> P[2]: 9 || C[3]: 47056817678 -> P[3]: -1 || C[4]: 0 -> P[4]: -1 || 

  >>>>>>>>>>>>>> NO ESQUERDA -> RRN: 5 C[0]: 7231658954 -> P[0]: -1 || C[1]: 7611167161 -> P[1]: -1 || C[2]: -1 -> P[2]: -1 || C[3]: -1 -> P[3]: -1 || C[4]: 0 -> P[4]: -1 || 
  >>>>>>>>>>>>>> NO DIREITA -> RRN: 15 C[0]: 7945443541 -> P[0]: -1 || C[1]: 7945445954 -> P[1]: -1 || C[2]: -1 -> P[2]: -1 || C[3]: -1 -> P[3]: -1 || C[4]: 0 -> P[4]: -1 || 

>>>>>>>>>>>>>> NO ANTERIOR ANTES DA INSERCAO -> RRN: 8 C[0]: 1324250316 -> C[1]: 7206587544 -> C[2]: 47673351570 -> C[3]: 1644012826770 -> C[4]: 0 -> 

>>>>>>>>>>>>>> CHAVE PARA PROMOVER: 7945559256
>>>>>>>>>>>>>> NO APOS INSERCAO -> RRN: 8 C[0]: 1324250316 -> P[0]: 2 || C[1]: 7206587544 -> P[1]: 13 || C[2]: 47673351570 -> P[2]: 7 || C[3]: 1644012826770 -> P[3]: 16 || C[4]: 0 -> P[4]: 14 || 

  >>>>>>>>>>>>>> NO ESQUERDA -> RRN: 7 C[0]: 7231658954 -> P[0]: 5 || C[1]: 7945548084 -> P[1]: 15 || C[2]: -1 -> P[2]: -1 || C[3]: -1 -> P[3]: -1 || C[4]: 0 -> P[4]: -1 || 
  >>>>>>>>>>>>>> NO DIREITA -> RRN: 16 C[0]: 41947218692 -> P[0]: -1 || C[1]: 47056817678 -> P[1]: -1 || C[2]: -1 -> P[2]: -1 || C[3]: -1 -> P[3]: -1 || C[4]: 0 -> P[4]: -1 || 

>>>>>>>>>>>>>> NO ANTERIOR ANTES DA INSERCAO -> RRN: -1 C[0]: -1 -> C[1]: -1 -> C[2]: -1 -> C[3]: -1 -> C[4]: 0 -> 

INSERE OVERFLOW -> NOVA RAIZ: 18
>>>>>>>>>>>>>> CHAVE PARA PROMOVER: 7231658954
>>>>>>>>>>>>>> NO APOS INSERCAO -> RRN: 18 C[0]: 7231658954 -> P[0]: 8 || C[1]: -1 -> P[1]: 17 || C[2]: -1 -> P[2]: -1 || C[3]: -1 -> P[3]: -1 || C[4]: 0 -> P[4]: -1 || 

  >>>>>>>>>>>>>> NO ESQUERDA -> RRN: 8 C[0]: 1324250316 -> P[0]: 2 || C[1]: 7206587544 -> P[1]: 13 || C[2]: -1 -> P[2]: -1 || C[3]: -1 -> P[3]: -1 || C[4]: 0 -> P[4]: -1 || 
  >>>>>>>>>>>>>> NO DIREITA -> RRN: 17 C[0]: 47673351570 -> P[0]: 16 || C[1]: 1644012826770 -> P[1]: 14 || C[2]: -1 -> P[2]: -1 || C[3]: -1 -> P[3]: -1 || C[4]: 0 -> P[4]: -1 || 

OFFSET: 13440
OFFSET: 13600
OFFSET: 13760
OFFSET: 13920
OFFSET: 14080
OFFSET: 14240
OFFSET: 14400
OFFSET: 14560
OFFSET: 14720
OFFSET: 14880
=========================================== NOVO INSERIR COM OVERFLOW ===========================================
>>>>>>>>>>>>>> NO ANTERIOR ANTES DA INSERCAO -> RRN: 17 C[0]: 47673351570 -> C[1]: 1644012826770 -> C[2]: 1716237774536 -> C[3]: -1 -> C[4]: 0 -> 

>>>>>>>>>>>>>> CHAVE PARA PROMOVER: 41947218692
>>>>>>>>>>>>>> NO APOS INSERCAO -> RRN: 17 C[0]: 41947218692 -> P[0]: 16 || C[1]: 47673351570 -> P[1]: 19 || C[2]: 1644012826770 -> P[2]: 14 || C[3]: 1716237774536 -> P[3]: -1 || C[4]: 0 -> P[4]: -1 || 

  >>>>>>>>>>>>>> NO ESQUERDA -> RRN: 16 C[0]: 7804876815 -> P[0]: -1 || C[1]: 7925911443 -> P[1]: -1 || C[2]: -1 -> P[2]: -1 || C[3]: -1 -> P[3]: -1 || C[4]: 0 -> P[4]: -1 || 
  >>>>>>>>>>>>>> NO DIREITA -> RRN: 19 C[0]: 47056817678 -> P[0]: -1 || C[1]: 47673229011 -> P[1]: -1 || C[2]: -1 -> P[2]: -1 || C[3]: -1 -> P[3]: -1 || C[4]: 0 -> P[4]: -1 || 

OFFSET: 15040
OFFSET: 15200
OFFSET: 15360
OFFSET: 15520
OFFSET: 15680
OFFSET: 15840
OFFSET: 16000
=========================================== NOVO INSERIR COM OVERFLOW ===========================================
>>>>>>>>>>>>>> NO ANTERIOR ANTES DA INSERCAO -> RRN: 18 C[0]: 7231658954 -> C[1]: -1 -> C[2]: -1 -> C[3]: -1 -> C[4]: 0 -> 

>>>>>>>>>>>>>> CHAVE PARA PROMOVER: 1644012826770
>>>>>>>>>>>>>> NO APOS INSERCAO -> RRN: 18 C[0]: 7231658954 -> P[0]: 8 || C[1]: 1644012826770 -> P[1]: 17 || C[2]: -1 -> P[2]: 20 || C[3]: -1 -> P[3]: -1 || C[4]: 0 -> P[4]: -1 || 

  >>>>>>>>>>>>>> NO ESQUERDA -> RRN: 17 C[0]: 41947218692 -> P[0]: 16 || C[1]: 47673351570 -> P[1]: 19 || C[2]: -1 -> P[2]: -1 || C[3]: -1 -> P[3]: -1 || C[4]: 0 -> P[4]: -1 || 
  >>>>>>>>>>>>>> NO DIREITA -> RRN: 20 C[0]: 1716237774536 -> P[0]: -1 || C[1]: 10297432021047 -> P[1]: -1 || C[2]: -1 -> P[2]: -1 || C[3]: -1 -> P[3]: -1 || C[4]: 0 -> P[4]: -1 || 

OFFSET: 16160
=========================================== NOVO INSERIR COM OVERFLOW ===========================================
>>>>>>>>>>>>>> NO ANTERIOR ANTES DA INSERCAO -> RRN: 2 C[0]: 7683301 -> C[1]: 936625320 -> C[2]: -1 -> C[3]: -1 -> C[4]: 0 -> 

>>>>>>>>>>>>>> CHAVE PARA PROMOVER: 216248343
>>>>>>>>>>>>>> NO APOS INSERCAO -> RRN: 2 C[0]: 7683301 -> P[0]: 0 || C[1]: 216248343 -> P[1]: 10 || C[2]: 936625320 -> P[2]: 21 || C[3]: -1 -> P[3]: -1 || C[4]: 0 -> P[4]: -1 || 

  >>>>>>>>>>>>>> NO ESQUERDA -> RRN: 10 C[0]: 17897350 -> P[0]: -1 || C[1]: 35317430 -> P[1]: -1 || C[2]: -1 -> P[2]: -1 || C[3]: -1 -> P[3]: -1 || C[4]: 0 -> P[4]: -1 || 
  >>>>>>>>>>>>>> NO DIREITA -> RRN: 21 C[0]: 220709736 -> P[0]: -1 || C[1]: 220709845 -> P[1]: -1 || C[2]: -1 -> P[2]: -1 || C[3]: -1 -> P[3]: -1 || C[4]: 0 -> P[4]: -1 || 

OFFSET: 16320
OFFSET: 16480
OFFSET: 16640
=========================================== NOVO INSERIR COM OVERFLOW ===========================================
>>>>>>>>>>>>>> NO ANTERIOR ANTES DA INSERCAO -> RRN: 17 C[0]: 41947218692 -> C[1]: 47673351570 -> C[2]: 47673362182 -> C[3]: -1 -> C[4]: 0 -> 

>>>>>>>>>>>>>> CHAVE PARA PROMOVER: 47673229011
>>>>>>>>>>>>>> NO APOS INSERCAO -> RRN: 17 C[0]: 41947218692 -> P[0]: 16 || C[1]: 47673229011 -> P[1]: 19 || C[2]: 47673351570 -> P[2]: 22 || C[3]: 47673362182 -> P[3]: -1 || C[4]: 0 -> P[4]: -1 || 

  >>>>>>>>>>>>>> NO ESQUERDA -> RRN: 19 C[0]: 47056817678 -> P[0]: -1 || C[1]: 47673228417 -> P[1]: -1 || C[2]: -1 -> P[2]: -1 || C[3]: -1 -> P[3]: -1 || C[4]: 0 -> P[4]: -1 || 
  >>>>>>>>>>>>>> NO DIREITA -> RRN: 22 C[0]: 47673271455 -> P[0]: -1 || C[1]: 47673338686 -> P[1]: -1 || C[2]: -1 -> P[2]: -1 || C[3]: -1 -> P[3]: -1 || C[4]: 0 -> P[4]: -1 || 

OFFSET: 16800
OFFSET: 16960
OFFSET: 17120
OFFSET: 17280
OFFSET: 17440
OFFSET: 17600
=========================================== NOVO INSERIR COM OVERFLOW ===========================================
>>>>>>>>>>>>>> NO ANTERIOR ANTES DA INSERCAO -> RRN: 2 C[0]: 7683301 -> C[1]: 216248343 -> C[2]: 936625320 -> C[3]: -1 -> C[4]: 0 -> 

>>>>>>>>>>>>>> CHAVE PARA PROMOVER: 3339625
>>>>>>>>>>>>>> NO APOS INSERCAO -> RRN: 2 C[0]: 3339625 -> P[0]: 0 || C[1]: 7683301 -> P[1]: 23 || C[2]: 216248343 -> P[2]: 10 || C[3]: 936625320 -> P[3]: 21 || C[4]: 0 -> P[4]: -1 || 

  >>>>>>>>>>>>>> NO ESQUERDA -> RRN: 0 C[0]: 181474 -> P[0]: -1 || C[1]: 397060 -> P[1]: -1 || C[2]: -1 -> P[2]: -1 || C[3]: -1 -> P[3]: -1 || C[4]: 0 -> P[4]: -1 || 
  >>>>>>>>>>>>>> NO DIREITA -> RRN: 23 C[0]: 5579980 -> P[0]: -1 || C[1]: 7678764 -> P[1]: -1 || C[2]: -1 -> P[2]: -1 || C[3]: -1 -> P[3]: -1 || C[4]: 0 -> P[4]: -1 || 

OFFSET: 17760
OFFSET: 17920
OFFSET: 18080
OFFSET: 18240
OFFSET: 18400
OFFSET: 18560
OFFSET: 18720
OFFSET: 18880
OFFSET: 19040
OFFSET: 19200
=========================================== NOVO INSERIR COM OVERFLOW ===========================================
>>>>>>>>>>>>>> NO ANTERIOR ANTES DA INSERCAO -> RRN: 8 C[0]: 1324250316 -> C[1]: 7206587544 -> C[2]: -1 -> C[3]: -1 -> C[4]: 0 -> 

>>>>>>>>>>>>>> CHAVE PARA PROMOVER: 216248343
>>>>>>>>>>>>>> NO APOS INSERCAO -> RRN: 8 C[0]: 216248343 -> P[0]: 2 || C[1]: 1324250316 -> P[1]: 24 || C[2]: 7206587544 -> P[2]: 13 || C[3]: -1 -> P[3]: -1 || C[4]: 0 -> P[4]: -1 || 

  >>>>>>>>>>>>>> NO ESQUERDA -> RRN: 2 C[0]: 3339625 -> P[0]: 0 || C[1]: 7683301 -> P[1]: 23 || C[2]: -1 -> P[2]: -1 || C[3]: -1 -> P[3]: -1 || C[4]: 0 -> P[4]: -1 || 
  >>>>>>>>>>>>>> NO DIREITA -> RRN: 24 C[0]: 936625320 -> P[0]: 21 || C[1]: 1312970874 -> P[1]: -1 || C[2]: -1 -> P[2]: -1 || C[3]: -1 -> P[3]: -1 || C[4]: 0 -> P[4]: -1 || 

OFFSET: 19360
OFFSET: 19520
OFFSET: 19680
OFFSET: 19840
OFFSET: 20000
OFFSET: 20160
OFFSET: 20320
OFFSET: 20480
OFFSET: 20640
OFFSET: 20800
=========================================== NOVO INSERIR COM OVERFLOW ===========================================
>>>>>>>>>>>>>> NO ANTERIOR ANTES DA INSERCAO -> RRN: 18 C[0]: 7231658954 -> C[1]: 1644012826770 -> C[2]: -1 -> C[3]: -1 -> C[4]: 0 -> 

>>>>>>>>>>>>>> CHAVE PARA PROMOVER: 47673351570
>>>>>>>>>>>>>> NO APOS INSERCAO -> RRN: 18 C[0]: 7231658954 -> P[0]: 8 || C[1]: 47673351570 -> P[1]: 17 || C[2]: 1644012826770 -> P[2]: 25 || C[3]: -1 -> P[3]: 20 || C[4]: 0 -> P[4]: -1 || 

  >>>>>>>>>>>>>> NO ESQUERDA -> RRN: 17 C[0]: 41947218692 -> P[0]: 16 || C[1]: 47673229011 -> P[1]: 19 || C[2]: -1 -> P[2]: -1 || C[3]: -1 -> P[3]: -1 || C[4]: 0 -> P[4]: -1 || 
  >>>>>>>>>>>>>> NO DIREITA -> RRN: 25 C[0]: 47673362182 -> P[0]: -1 || C[1]: 1644012529596 -> P[1]: -1 || C[2]: -1 -> P[2]: -1 || C[3]: -1 -> P[3]: -1 || C[4]: 0 -> P[4]: -1 || 

OFFSET: 20960
OFFSET: 21120
OFFSET: 21280
OFFSET: 21440
OFFSET: 21600
OFFSET: 21760
OFFSET: 21920
=========================================== NOVO INSERIR COM OVERFLOW ===========================================
>>>>>>>>>>>>>> NO ANTERIOR ANTES DA INSERCAO -> RRN: 24 C[0]: 936625320 -> C[1]: 1312970874 -> C[2]: -1 -> C[3]: -1 -> C[4]: 0 -> 

>>>>>>>>>>>>>> CHAVE PARA PROMOVER: 220709845
>>>>>>>>>>>>>> NO APOS INSERCAO -> RRN: 24 C[0]: 220709845 -> P[0]: 21 || C[1]: 936625320 -> P[1]: 26 || C[2]: 1312970874 -> P[2]: -1 || C[3]: -1 -> P[3]: -1 || C[4]: 0 -> P[4]: -1 || 

  >>>>>>>>>>>>>> NO ESQUERDA -> RRN: 21 C[0]: 218851603 -> P[0]: -1 || C[1]: 220709736 -> P[1]: -1 || C[2]: -1 -> P[2]: -1 || C[3]: -1 -> P[3]: -1 || C[4]: 0 -> P[4]: -1 || 
  >>>>>>>>>>>>>> NO DIREITA -> RRN: 26 C[0]: 220709886 -> P[0]: -1 || C[1]: 355416426 -> P[1]: -1 || C[2]: -1 -> P[2]: -1 || C[3]: -1 -> P[3]: -1 || C[4]: 0 -> P[4]: -1 || 

OFFSET: 22080
OFFSET: 22240
OFFSET: 22400
=========================================== NOVO INSERIR COM OVERFLOW ===========================================
>>>>>>>>>>>>>> NO ANTERIOR ANTES DA INSERCAO -> RRN: 18 C[0]: 7231658954 -> C[1]: 47673351570 -> C[2]: 1644012826770 -> C[3]: -1 -> C[4]: 0 -> 

>>>>>>>>>>>>>> CHAVE PARA PROMOVER: 61784565701515
>>>>>>>>>>>>>> NO APOS INSERCAO -> RRN: 18 C[0]: 7231658954 -> P[0]: 8 || C[1]: 47673351570 -> P[1]: 17 || C[2]: 1644012826770 -> P[2]: 25 || C[3]: 61784565701515 -> P[3]: 20 || C[4]: 0 -> P[4]: 27 || 

  >>>>>>>>>>>>>> NO ESQUERDA -> RRN: 20 C[0]: 1716237774536 -> P[0]: -1 || C[1]: 10297432021047 -> P[1]: -1 || C[2]: -1 -> P[2]: -1 || C[3]: -1 -> P[3]: -1 || C[4]: 0 -> P[4]: -1 || 
  >>>>>>>>>>>>>> NO DIREITA -> RRN: 27 C[0]: 61784677071931 -> P[0]: -1 || C[1]: 368228520316636 -> P[1]: -1 || C[2]: -1 -> P[2]: -1 || C[3]: -1 -> P[3]: -1 || C[4]: 0 -> P[4]: -1 || 

OFFSET: 22560
OFFSET: 22720
OFFSET: 22880
OFFSET: 23040
=========================================== NOVO INSERIR COM OVERFLOW ===========================================
>>>>>>>>>>>>>> NO ANTERIOR ANTES DA INSERCAO -> RRN: 17 C[0]: 41947218692 -> C[1]: 47673229011 -> C[2]: 47673335407 -> C[3]: -1 -> C[4]: 0 -> 

>>>>>>>>>>>>>> CHAVE PARA PROMOVER: 7945446688
>>>>>>>>>>>>>> NO APOS INSERCAO -> RRN: 17 C[0]: 7945446688 -> P[0]: 16 || C[1]: 41947218692 -> P[1]: 28 || C[2]: 47673229011 -> P[2]: 19 || C[3]: 47673335407 -> P[3]: -1 || C[4]: 0 -> P[4]: -1 || 

  >>>>>>>>>>>>>> NO ESQUERDA -> RRN: 16 C[0]: 7804876815 -> P[0]: -1 || C[1]: 7925911443 -> P[1]: -1 || C[2]: -1 -> P[2]: -1 || C[3]: -1 -> P[3]: -1 || C[4]: 0 -> P[4]: -1 || 
  >>>>>>>>>>>>>> NO DIREITA -> RRN: 28 C[0]: 7945538083 -> P[0]: -1 || C[1]: 7945561185 -> P[1]: -1 || C[2]: -1 -> P[2]: -1 || C[3]: -1 -> P[3]: -1 || C[4]: 0 -> P[4]: -1 || 

OFFSET: 23200
=========================================== NOVO INSERIR COM OVERFLOW ===========================================
>>>>>>>>>>>>>> NO ANTERIOR ANTES DA INSERCAO -> RRN: 18 C[0]: 7231658954 -> C[1]: 47673351570 -> C[2]: 1644012826770 -> C[3]: 61784565701515 -> C[4]: 0 -> 

>>>>>>>>>>>>>> CHAVE PARA PROMOVER: 47673229011
>>>>>>>>>>>>>> NO APOS INSERCAO -> RRN: 18 C[0]: 7231658954 -> P[0]: 8 || C[1]: 47673351570 -> P[1]: 17 || C[2]: 1644012826770 -> P[2]: 29 || C[3]: 61784565701515 -> P[3]: 25 || C[4]: 0 -> P[4]: 20 || 

  >>>>>>>>>>>>>> NO ESQUERDA -> RRN: 17 C[0]: 7945446688 -> P[0]: 16 || C[1]: 41947218692 -> P[1]: 28 || C[2]: -1 -> P[2]: -1 || C[3]: -1 -> P[3]: -1 || C[4]: 0 -> P[4]: -1 || 
  >>>>>>>>>>>>>> NO DIREITA -> RRN: 29 C[0]: 47673329587 -> P[0]: -1 || C[1]: 47673335407 -> P[1]: -1 || C[2]: -1 -> P[2]: -1 || C[3]: -1 -> P[3]: -1 || C[4]: 0 -> P[4]: -1 || 

>>>>>>>>>>>>>> NO ANTERIOR ANTES DA INSERCAO -> RRN: -1 C[0]: -1 -> C[1]: -1 -> C[2]: -1 -> C[3]: -1 -> C[4]: 0 -> 

INSERE OVERFLOW -> NOVA RAIZ: 31
>>>>>>>>>>>>>> CHAVE PARA PROMOVER: 47673351570
>>>>>>>>>>>>>> NO APOS INSERCAO -> RRN: 31 C[0]: 47673351570 -> P[0]: 18 || C[1]: -1 -> P[1]: 30 || C[2]: -1 -> P[2]: -1 || C[3]: -1 -> P[3]: -1 || C[4]: 0 -> P[4]: -1 || 

  >>>>>>>>>>>>>> NO ESQUERDA -> RRN: 18 C[0]: 7231658954 -> P[0]: 8 || C[1]: 47673329587 -> P[1]: 17 || C[2]: -1 -> P[2]: -1 || C[3]: -1 -> P[3]: -1 || C[4]: 0 -> P[4]: -1 || 
  >>>>>>>>>>>>>> NO DIREITA -> RRN: 30 C[0]: 1644012826770 -> P[0]: 25 || C[1]: 61784565701515 -> P[1]: 20 || C[2]: -1 -> P[2]: -1 || C[3]: -1 -> P[3]: -1 || C[4]: 0 -> P[4]: -1 || 

OFFSET: 23360
OFFSET: 23520
OFFSET: 23680
OFFSET: 23840
=========================================== NOVO INSERIR COM OVERFLOW ===========================================
>>>>>>>>>>>>>> NO ANTERIOR ANTES DA INSERCAO -> RRN: 8 C[0]: 216248343 -> C[1]: 1324250316 -> C[2]: 7206587544 -> C[3]: -1 -> C[4]: 0 -> 

>>>>>>>>>>>>>> CHAVE PARA PROMOVER: 26020556
>>>>>>>>>>>>>> NO APOS INSERCAO -> RRN: 8 C[0]: 26020556 -> P[0]: 2 || C[1]: 216248343 -> P[1]: 32 || C[2]: 1324250316 -> P[2]: 24 || C[3]: 7206587544 -> P[3]: 13 || C[4]: 0 -> P[4]: -1 || 

  >>>>>>>>>>>>>> NO ESQUERDA -> RRN: 2 C[0]: 3339625 -> P[0]: 0 || C[1]: 7683301 -> P[1]: 23 || C[2]: -1 -> P[2]: -1 || C[3]: -1 -> P[3]: -1 || C[4]: 0 -> P[4]: -1 || 
  >>>>>>>>>>>>>> NO DIREITA -> RRN: 32 C[0]: 33386114 -> P[0]: -1 || C[1]: 36310039 -> P[1]: -1 || C[2]: -1 -> P[2]: -1 || C[3]: -1 -> P[3]: -1 || C[4]: 0 -> P[4]: -1 || 

OFFSET: 24000
OFFSET: 24160
OFFSET: 24320
OFFSET: 24480
OFFSET: 24640
OFFSET: 24800
OFFSET: 24960
OFFSET: 25120
OFFSET: 25280
OFFSET: 25440
OFFSET: 25600
OFFSET: 25760
OFFSET: 25920
OFFSET: 26080
OFFSET: 26240
OFFSET: 26400
OFFSET: 26560
OFFSET: 26720
=========================================== NOVO INSERIR COM OVERFLOW ===========================================
>>>>>>>>>>>>>> NO ANTERIOR ANTES DA INSERCAO -> RRN: 18 C[0]: 7231658954 -> C[1]: 47673329587 -> C[2]: -1 -> C[3]: -1 -> C[4]: 0 -> 

>>>>>>>>>>>>>> CHAVE PARA PROMOVER: 44447498963
>>>>>>>>>>>>>> NO APOS INSERCAO -> RRN: 18 C[0]: 7231658954 -> P[0]: 8 || C[1]: 44447498963 -> P[1]: 17 || C[2]: 47673329587 -> P[2]: 33 || C[3]: -1 -> P[3]: -1 || C[4]: 0 -> P[4]: -1 || 

  >>>>>>>>>>>>>> NO ESQUERDA -> RRN: 17 C[0]: 7945446688 -> P[0]: 16 || C[1]: 41947218692 -> P[1]: 28 || C[2]: -1 -> P[2]: -1 || C[3]: -1 -> P[3]: -1 || C[4]: 0 -> P[4]: -1 || 
  >>>>>>>>>>>>>> NO DIREITA -> RRN: 33 C[0]: 47672884643 -> P[0]: -1 || C[1]: 47673276875 -> P[1]: -1 || C[2]: -1 -> P[2]: -1 || C[3]: -1 -> P[3]: -1 || C[4]: 0 -> P[4]: -1 || 

OFFSET: 26880
OFFSET: 27040
OFFSET: 27200
=========================================== NOVO INSERIR COM OVERFLOW ===========================================
>>>>>>>>>>>>>> NO ANTERIOR ANTES DA INSERCAO -> RRN: 30 C[0]: 1644012826770 -> C[1]: 61784565701515 -> C[2]: -1 -> C[3]: -1 -> C[4]: 0 -> 

>>>>>>>>>>>>>> CHAVE PARA PROMOVER: 280683076163
>>>>>>>>>>>>>> NO APOS INSERCAO -> RRN: 30 C[0]: 280683076163 -> P[0]: 25 || C[1]: 1644012826770 -> P[1]: 34 || C[2]: 61784565701515 -> P[2]: 20 || C[3]: -1 -> P[3]: -1 || C[4]: 0 -> P[4]: -1 || 

  >>>>>>>>>>>>>> NO ESQUERDA -> RRN: 25 C[0]: 47673362182 -> P[0]: -1 || C[1]: 47673597909 -> P[1]: -1 || C[2]: -1 -> P[2]: -1 || C[3]: -1 -> P[3]: -1 || C[4]: 0 -> P[4]: -1 || 
  >>>>>>>>>>>>>> NO DIREITA -> RRN: 34 C[0]: 286039551007 -> P[0]: -1 || C[1]: 1644012529596 -> P[1]: -1 || C[2]: -1 -> P[2]: -1 || C[3]: -1 -> P[3]: -1 || C[4]: 0 -> P[4]: -1 || 

OFFSET: 27360
OFFSET: 27520
OFFSET: 27680
OFFSET: 27840
OFFSET: 28000
OFFSET: 28160
OFFSET: 28320
OFFSET: 28480
OFFSET: 28640
OFFSET: 28800
=========================================== NOVO INSERIR COM OVERFLOW ===========================================
>>>>>>>>>>>>>> NO ANTERIOR ANTES DA INSERCAO -> RRN: 17 C[0]: 7945446688 -> C[1]: 41947218692 -> C[2]: -1 -> C[3]: -1 -> C[4]: 0 -> 

>>>>>>>>>>>>>> CHAVE PARA PROMOVER: 7945558990
>>>>>>>>>>>>>> NO APOS INSERCAO -> RRN: 17 C[0]: 7945446688 -> P[0]: 16 || C[1]: 7945558990 -> P[1]: 28 || C[2]: 41947218692 -> P[2]: 35 || C[3]: -1 -> P[3]: -1 || C[4]: 0 -> P[4]: -1 || 

  >>>>>>>>>>>>>> NO ESQUERDA -> RRN: 28 C[0]: 7945538083 -> P[0]: -1 || C[1]: 7945545936 -> P[1]: -1 || C[2]: -1 -> P[2]: -1 || C[3]: -1 -> P[3]: -1 || C[4]: 0 -> P[4]: -1 || 
  >>>>>>>>>>>>>> NO DIREITA -> RRN: 35 C[0]: 7945561185 -> P[0]: -1 || C[1]: 33716525443 -> P[1]: -1 || C[2]: -1 -> P[2]: -1 || C[3]: -1 -> P[3]: -1 || C[4]: 0 -> P[4]: -1 || 

OFFSET: 28960
OFFSET: 29120
OFFSET: 29280
OFFSET: 29440
OFFSET: 29600
=========================================== NOVO INSERIR COM OVERFLOW ===========================================
>>>>>>>>>>>>>> NO ANTERIOR ANTES DA INSERCAO -> RRN: 30 C[0]: 280683076163 -> C[1]: 1644012826770 -> C[2]: 61784565701515 -> C[3]: -1 -> C[4]: 0 -> 

>>>>>>>>>>>>>> CHAVE PARA PROMOVER: 286039551007
>>>>>>>>>>>>>> NO APOS INSERCAO -> RRN: 30 C[0]: 280683076163 -> P[0]: 25 || C[1]: 286039551007 -> P[1]: 34 || C[2]: 1644012826770 -> P[2]: 36 || C[3]: 61784565701515 -> P[3]: 20 || C[4]: 0 -> P[4]: -1 || 

  >>>>>>>>>>>>>> NO ESQUERDA -> RRN: 34 C[0]: 284126944548 -> P[0]: -1 || C[1]: 286038012072 -> P[1]: -1 || C[2]: -1 -> P[2]: -1 || C[3]: -1 -> P[3]: -1 || C[4]: 0 -> P[4]: -1 || 
  >>>>>>>>>>>>>> NO DIREITA -> RRN: 36 C[0]: 286040083968 -> P[0]: -1 || C[1]: 1644012529596 -> P[1]: -1 || C[2]: -1 -> P[2]: -1 || C[3]: -1 -> P[3]: -1 || C[4]: 0 -> P[4]: -1 || 

OFFSET: 29760
OFFSET: 29920
OFFSET: 30080
OFFSET: 30240
OFFSET: 30400
OFFSET: 30560
OFFSET: 30720
OFFSET: 30880
OFFSET: 31040
OFFSET: 31200
=========================================== NOVO INSERIR COM OVERFLOW ===========================================
>>>>>>>>>>>>>> NO ANTERIOR ANTES DA INSERCAO -> RRN: 30 C[0]: 280683076163 -> C[1]: 286039551007 -> C[2]: 1644012826770 -> C[3]: 61784565701515 -> C[4]: 0 -> 

>>>>>>>>>>>>>> CHAVE PARA PROMOVER: 10297424653825
>>>>>>>>>>>>>> NO APOS INSERCAO -> RRN: 30 C[0]: 280683076163 -> P[0]: 25 || C[1]: 286039551007 -> P[1]: 34 || C[2]: 1644012826770 -> P[2]: 36 || C[3]: 61784565701515 -> P[3]: 20 || C[4]: 0 -> P[4]: 37 || 

  >>>>>>>>>>>>>> NO ESQUERDA -> RRN: 20 C[0]: 1716237774536 -> P[0]: -1 || C[1]: 10297303098648 -> P[1]: -1 || C[2]: -1 -> P[2]: -1 || C[3]: -1 -> P[3]: -1 || C[4]: 0 -> P[4]: -1 || 
  >>>>>>>>>>>>>> NO DIREITA -> RRN: 37 C[0]: 10297432021047 -> P[0]: -1 || C[1]: 10297445802671 -> P[1]: -1 || C[2]: -1 -> P[2]: -1 || C[3]: -1 -> P[3]: -1 || C[4]: 0 -> P[4]: -1 || 

>>>>>>>>>>>>>> NO ANTERIOR ANTES DA INSERCAO -> RRN: 31 C[0]: 47673351570 -> C[1]: -1 -> C[2]: -1 -> C[3]: -1 -> C[4]: 0 -> 

>>>>>>>>>>>>>> CHAVE PARA PROMOVER: 1644012826770
>>>>>>>>>>>>>> NO APOS INSERCAO -> RRN: 31 C[0]: 47673351570 -> P[0]: 18 || C[1]: 1644012826770 -> P[1]: 30 || C[2]: -1 -> P[2]: 38 || C[3]: -1 -> P[3]: -1 || C[4]: 0 -> P[4]: -1 || 

  >>>>>>>>>>>>>> NO ESQUERDA -> RRN: 30 C[0]: 280683076163 -> P[0]: 25 || C[1]: 286039551007 -> P[1]: 34 || C[2]: -1 -> P[2]: -1 || C[3]: -1 -> P[3]: -1 || C[4]: 0 -> P[4]: -1 || 
  >>>>>>>>>>>>>> NO DIREITA -> RRN: 38 C[0]: 10297424653825 -> P[0]: 20 || C[1]: 61784565701515 -> P[1]: 37 || C[2]: -1 -> P[2]: -1 || C[3]: -1 -> P[3]: -1 || C[4]: 0 -> P[4]: -1 || 

OFFSET: 31360
OFFSET: 31520
OFFSET: 31680
OFFSET: 31840
OFFSET: 32000
=========================================== NOVO INSERIR COM OVERFLOW ===========================================
>>>>>>>>>>>>>> NO ANTERIOR ANTES DA INSERCAO -> RRN: 8 C[0]: 26020556 -> C[1]: 216248343 -> C[2]: 1324250316 -> C[3]: 7206587544 -> C[4]: 0 -> 

>>>>>>>>>>>>>> CHAVE PARA PROMOVER: 1324266590
>>>>>>>>>>>>>> NO APOS INSERCAO -> RRN: 8 C[0]: 26020556 -> P[0]: 2 || C[1]: 216248343 -> P[1]: 32 || C[2]: 1324250316 -> P[2]: 24 || C[3]: 7206587544 -> P[3]: 13 || C[4]: 0 -> P[4]: 39 || 

  >>>>>>>>>>>>>> NO ESQUERDA -> RRN: 13 C[0]: 1324257830 -> P[0]: -1 || C[1]: 1324260421 -> P[1]: -1 || C[2]: -1 -> P[2]: -1 || C[3]: -1 -> P[3]: -1 || C[4]: 0 -> P[4]: -1 || 
  >>>>>>>>>>>>>> NO DIREITA -> RRN: 39 C[0]: 4926639690 -> P[0]: -1 || C[1]: 5669742947 -> P[1]: -1 || C[2]: -1 -> P[2]: -1 || C[3]: -1 -> P[3]: -1 || C[4]: 0 -> P[4]: -1 || 

>>>>>>>>>>>>>> NO ANTERIOR ANTES DA INSERCAO -> RRN: 18 C[0]: 7231658954 -> C[1]: 44447498963 -> C[2]: 47673329587 -> C[3]: 47673331716 -> C[4]: 0 -> 

>>>>>>>>>>>>>> CHAVE PARA PROMOVER: 1324250316
>>>>>>>>>>>>>> NO APOS INSERCAO -> RRN: 18 C[0]: 7231658954 -> P[0]: 8 || C[1]: 44447498963 -> P[1]: 40 || C[2]: 47673329587 -> P[2]: 17 || C[3]: 47673331716 -> P[3]: 33 || C[4]: 0 -> P[4]: -1 || 

  >>>>>>>>>>>>>> NO ESQUERDA -> RRN: 8 C[0]: 26020556 -> P[0]: 2 || C[1]: 216248343 -> P[1]: 32 || C[2]: -1 -> P[2]: -1 || C[3]: -1 -> P[3]: -1 || C[4]: 0 -> P[4]: -1 || 
  >>>>>>>>>>>>>> NO DIREITA -> RRN: 40 C[0]: 1324260421 -> P[0]: 13 || C[1]: 7206587544 -> P[1]: 39 || C[2]: -1 -> P[2]: -1 || C[3]: -1 -> P[3]: -1 || C[4]: 0 -> P[4]: -1 || 

>>>>>>>>>>>>>> NO ANTERIOR ANTES DA INSERCAO -> RRN: 31 C[0]: 47673351570 -> C[1]: 1644012826770 -> C[2]: -1 -> C[3]: -1 -> C[4]: 0 -> 

>>>>>>>>>>>>>> CHAVE PARA PROMOVER: 44447498963
>>>>>>>>>>>>>> NO APOS INSERCAO -> RRN: 31 C[0]: 44447498963 -> P[0]: 18 || C[1]: 47673351570 -> P[1]: 41 || C[2]: 1644012826770 -> P[2]: 30 || C[3]: -1 -> P[3]: 38 || C[4]: 0 -> P[4]: -1 || 

  >>>>>>>>>>>>>> NO ESQUERDA -> RRN: 18 C[0]: 1324260421 -> P[0]: 8 || C[1]: 7231658954 -> P[1]: 40 || C[2]: -1 -> P[2]: -1 || C[3]: -1 -> P[3]: -1 || C[4]: 0 -> P[4]: -1 || 
  >>>>>>>>>>>>>> NO DIREITA -> RRN: 41 C[0]: 47673329587 -> P[0]: 33 || C[1]: 47673331716 -> P[1]: -1 || C[2]: -1 -> P[2]: -1 || C[3]: -1 -> P[3]: -1 || C[4]: 0 -> P[4]: -1 || 

OFFSET: 32160
OFFSET: 32320
OFFSET: 32480
OFFSET: 32640
OFFSET: 32800
OFFSET: 32960
OFFSET: 33120
OFFSET: 33280
OFFSET: 33440
OFFSET: 33600
OFFSET: 33760
OFFSET: 33920
OFFSET: 34080
OFFSET: 34240
OFFSET: 34400
OFFSET: 34560
OFFSET: 34720
OFFSET: 34880
OFFSET: 35040
OFFSET: 35200
OFFSET: 35360
OFFSET: 35520
OFFSET: 35680
=========================================== NOVO INSERIR COM OVERFLOW ===========================================
>>>>>>>>>>>>>> NO ANTERIOR ANTES DA INSERCAO -> RRN: 31 C[0]: 44447498963 -> C[1]: 47673351570 -> C[2]: 1644012826770 -> C[3]: -1 -> C[4]: 0 -> 

>>>>>>>>>>>>>> CHAVE PARA PROMOVER: 7878133592
>>>>>>>>>>>>>> NO APOS INSERCAO -> RRN: 31 C[0]: 7878133592 -> P[0]: 18 || C[1]: 44447498963 -> P[1]: 42 || C[2]: 47673351570 -> P[2]: 41 || C[3]: 1644012826770 -> P[3]: 30 || C[4]: 0 -> P[4]: 38 || 

  >>>>>>>>>>>>>> NO ESQUERDA -> RRN: 18 C[0]: 1324260421 -> P[0]: 8 || C[1]: 7231658954 -> P[1]: 40 || C[2]: -1 -> P[2]: -1 || C[3]: -1 -> P[3]: -1 || C[4]: 0 -> P[4]: -1 || 
  >>>>>>>>>>>>>> NO DIREITA -> RRN: 42 C[0]: 7945540827 -> P[0]: -1 || C[1]: 41974058456 -> P[1]: -1 || C[2]: -1 -> P[2]: -1 || C[3]: -1 -> P[3]: -1 || C[4]: 0 -> P[4]: -1 || 

OFFSET: 35840
OFFSET: 36000
OFFSET: 36160
OFFSET: 36320
OFFSET: 36480
OFFSET: 36640
OFFSET: 36800
OFFSET: 36960
OFFSET: 37120
OFFSET: 37280
OFFSET: 37440
OFFSET: 37600
OFFSET: 37760
OFFSET: 37920
OFFSET: 38080
OFFSET: 38240
OFFSET: 38400
OFFSET: 38560
OFFSET: 38720
OFFSET: 38880
OFFSET: 39040
OFFSET: 39200
OFFSET: 39360
OFFSET: 39520
OFFSET: 39680
OFFSET: 39840
OFFSET: 40000
OFFSET: 40160
OFFSET: 40320
=========================================== NOVO INSERIR COM OVERFLOW ===========================================
>>>>>>>>>>>>>> NO ANTERIOR ANTES DA INSERCAO -> RRN: 18 C[0]: 1324260421 -> C[1]: 7231658954 -> C[2]: -1 -> C[3]: -1 -> C[4]: 0 -> 

>>>>>>>>>>>>>> CHAVE PARA PROMOVER: 220708166
>>>>>>>>>>>>>> NO APOS INSERCAO -> RRN: 18 C[0]: 220708166 -> P[0]: 8 || C[1]: 1324260421 -> P[1]: 43 || C[2]: 7231658954 -> P[2]: 40 || C[3]: -1 -> P[3]: -1 || C[4]: 0 -> P[4]: -1 || 

  >>>>>>>>>>>>>> NO ESQUERDA -> RRN: 8 C[0]: 26020556 -> P[0]: 2 || C[1]: 216248343 -> P[1]: 32 || C[2]: -1 -> P[2]: -1 || C[3]: -1 -> P[3]: -1 || C[4]: 0 -> P[4]: -1 || 
  >>>>>>>>>>>>>> NO DIREITA -> RRN: 43 C[0]: 220709437 -> P[0]: -1 || C[1]: 1324256454 -> P[1]: -1 || C[2]: -1 -> P[2]: -1 || C[3]: -1 -> P[3]: -1 || C[4]: 0 -> P[4]: -1 || 

OFFSET: 40480
OFFSET: 40640
OFFSET: 40800
OFFSET: 40960
OFFSET: 41120
OFFSET: 41280
OFFSET: 41440
OFFSET: 41600
OFFSET: 41760
OFFSET: 41920
OFFSET: 42080
OFFSET: 42240
=========================================== NOVO INSERIR COM OVERFLOW ===========================================
>>>>>>>>>>>>>> NO ANTERIOR ANTES DA INSERCAO -> RRN: 38 C[0]: 10297424653825 -> C[1]: 61784565701515 -> C[2]: 77602090914261 -> C[3]: -1 -> C[4]: 0 -> 

>>>>>>>>>>>>>> CHAVE PARA PROMOVER: 1716240649797
>>>>>>>>>>>>>> NO APOS INSERCAO -> RRN: 38 C[0]: 1716240649797 -> P[0]: 20 || C[1]: 10297424653825 -> P[1]: 44 || C[2]: 61784565701515 -> P[2]: 37 || C[3]: 77602090914261 -> P[3]: -1 || C[4]: 0 -> P[4]: -1 || 

  >>>>>>>>>>>>>> NO ESQUERDA -> RRN: 20 C[0]: 1716237457188 -> P[0]: -1 || C[1]: 1716237774536 -> P[1]: -1 || C[2]: -1 -> P[2]: -1 || C[3]: -1 -> P[3]: -1 || C[4]: 0 -> P[4]: -1 || 
  >>>>>>>>>>>>>> NO DIREITA -> RRN: 44 C[0]: 10164272619069 -> P[0]: -1 || C[1]: 10297303098648 -> P[1]: -1 || C[2]: -1 -> P[2]: -1 || C[3]: -1 -> P[3]: -1 || C[4]: 0 -> P[4]: -1 || 

OFFSET: 42400
OFFSET: 42560
OFFSET: 42720
OFFSET: 42880
OFFSET: 43040
OFFSET: 43200
OFFSET: 43360
=========================================== NOVO INSERIR COM OVERFLOW ===========================================
>>>>>>>>>>>>>> NO ANTERIOR ANTES DA INSERCAO -> RRN: 18 C[0]: 220708166 -> C[1]: 1324260421 -> C[2]: 7231658954 -> C[3]: -1 -> C[4]: 0 -> 

>>>>>>>>>>>>>> CHAVE PARA PROMOVER: 1324256454
>>>>>>>>>>>>>> NO APOS INSERCAO -> RRN: 18 C[0]: 220708166 -> P[0]: 8 || C[1]: 1324256454 -> P[1]: 43 || C[2]: 1324260421 -> P[2]: 45 || C[3]: 7231658954 -> P[3]: 40 || C[4]: 0 -> P[4]: -1 || 

  >>>>>>>>>>>>>> NO ESQUERDA -> RRN: 43 C[0]: 220709437 -> P[0]: -1 || C[1]: 1201593846 -> P[1]: -1 || C[2]: -1 -> P[2]: -1 || C[3]: -1 -> P[3]: -1 || C[4]: 0 -> P[4]: -1 || 
  >>>>>>>>>>>>>> NO DIREITA -> RRN: 45 C[0]: 1324258458 -> P[0]: -1 || C[1]: 1324258980 -> P[1]: -1 || C[2]: -1 -> P[2]: -1 || C[3]: -1 -> P[3]: -1 || C[4]: 0 -> P[4]: -1 || 

OFFSET: 43520
=========================================== NOVO INSERIR COM OVERFLOW ===========================================
>>>>>>>>>>>>>> NO ANTERIOR ANTES DA INSERCAO -> RRN: 8 C[0]: 26020556 -> C[1]: 216248343 -> C[2]: -1 -> C[3]: -1 -> C[4]: 0 -> 

>>>>>>>>>>>>>> CHAVE PARA PROMOVER: 36310039
>>>>>>>>>>>>>> NO APOS INSERCAO -> RRN: 8 C[0]: 26020556 -> P[0]: 2 || C[1]: 36310039 -> P[1]: 32 || C[2]: 216248343 -> P[2]: 46 || C[3]: -1 -> P[3]: -1 || C[4]: 0 -> P[4]: -1 || 

  >>>>>>>>>>>>>> NO ESQUERDA -> RRN: 32 C[0]: 33386114 -> P[0]: -1 || C[1]: 33479886 -> P[1]: -1 || C[2]: -1 -> P[2]: -1 || C[3]: -1 -> P[3]: -1 || C[4]: 0 -> P[4]: -1 || 
  >>>>>>>>>>>>>> NO DIREITA -> RRN: 46 C[0]: 36784465 -> P[0]: -1 || C[1]: 36785148 -> P[1]: -1 || C[2]: -1 -> P[2]: -1 || C[3]: -1 -> P[3]: -1 || C[4]: 0 -> P[4]: -1 || 

OFFSET: 43680
OFFSET: 43840
OFFSET: 44000
=========================================== NOVO INSERIR COM OVERFLOW ===========================================
>>>>>>>>>>>>>> NO ANTERIOR ANTES DA INSERCAO -> RRN: 31 C[0]: 7878133592 -> C[1]: 44447498963 -> C[2]: 47673351570 -> C[3]: 1644012826770 -> C[4]: 0 -> 

>>>>>>>>>>>>>> CHAVE PARA PROMOVER: 286039719924
>>>>>>>>>>>>>> NO APOS INSERCAO -> RRN: 31 C[0]: 7878133592 -> P[0]: 18 || C[1]: 44447498963 -> P[1]: 42 || C[2]: 47673351570 -> P[2]: 41 || C[3]: 1644012826770 -> P[3]: 30 || C[4]: 0 -> P[4]: 47 || 

  >>>>>>>>>>>>>> NO ESQUERDA -> RRN: 30 C[0]: 280683076163 -> P[0]: 25 || C[1]: 286039551007 -> P[1]: 34 || C[2]: -1 -> P[2]: -1 || C[3]: -1 -> P[3]: -1 || C[4]: 0 -> P[4]: -1 || 
  >>>>>>>>>>>>>> NO DIREITA -> RRN: 47 C[0]: 286039773462 -> P[0]: -1 || C[1]: 286039832437 -> P[1]: -1 || C[2]: -1 -> P[2]: -1 || C[3]: -1 -> P[3]: -1 || C[4]: 0 -> P[4]: -1 || 

>>>>>>>>>>>>>> NO ANTERIOR ANTES DA INSERCAO -> RRN: -1 C[0]: -1 -> C[1]: -1 -> C[2]: -1 -> C[3]: -1 -> C[4]: 0 -> 

INSERE OVERFLOW -> NOVA RAIZ: 49
>>>>>>>>>>>>>> CHAVE PARA PROMOVER: 47673351570
>>>>>>>>>>>>>> NO APOS INSERCAO -> RRN: 49 C[0]: 47673351570 -> P[0]: 31 || C[1]: -1 -> P[1]: 48 || C[2]: -1 -> P[2]: -1 || C[3]: -1 -> P[3]: -1 || C[4]: 0 -> P[4]: -1 || 

  >>>>>>>>>>>>>> NO ESQUERDA -> RRN: 31 C[0]: 7878133592 -> P[0]: 18 || C[1]: 44447498963 -> P[1]: 42 || C[2]: -1 -> P[2]: -1 || C[3]: -1 -> P[3]: -1 || C[4]: 0 -> P[4]: -1 || 
  >>>>>>>>>>>>>> NO DIREITA -> RRN: 48 C[0]: 286039719924 -> P[0]: 30 || C[1]: 1644012826770 -> P[1]: 47 || C[2]: -1 -> P[2]: -1 || C[3]: -1 -> P[3]: -1 || C[4]: 0 -> P[4]: -1 || 

OFFSET: 44160
OFFSET: 44320
OFFSET: 44480
OFFSET: 44640
OFFSET: 44800
OFFSET: 44960
OFFSET: 45120
OFFSET: 45280
OFFSET: 45440
OFFSET: 45600
=========================================== NOVO INSERIR COM OVERFLOW ===========================================
>>>>>>>>>>>>>> NO ANTERIOR ANTES DA INSERCAO -> RRN: 2 C[0]: 3339625 -> C[1]: 7683301 -> C[2]: 15647949 -> C[3]: -1 -> C[4]: 0 -> 

>>>>>>>>>>>>>> CHAVE PARA PROMOVER: 397060
>>>>>>>>>>>>>> NO APOS INSERCAO -> RRN: 2 C[0]: 397060 -> P[0]: 0 || C[1]: 3339625 -> P[1]: 50 || C[2]: 7683301 -> P[2]: 23 || C[3]: 15647949 -> P[3]: -1 || C[4]: 0 -> P[4]: -1 || 

  >>>>>>>>>>>>>> NO ESQUERDA -> RRN: 0 C[0]: 168103 -> P[0]: -1 || C[1]: 181474 -> P[1]: -1 || C[2]: -1 -> P[2]: -1 || C[3]: -1 -> P[3]: -1 || C[4]: 0 -> P[4]: -1 || 
  >>>>>>>>>>>>>> NO DIREITA -> RRN: 50 C[0]: 560004 -> P[0]: -1 || C[1]: 2797364 -> P[1]: -1 || C[2]: -1 -> P[2]: -1 || C[3]: -1 -> P[3]: -1 || C[4]: 0 -> P[4]: -1 || 

OFFSET: 45760
OFFSET: 45920
OFFSET: 46080
OFFSET: 46240
=========================================== NOVO INSERIR COM OVERFLOW ===========================================
>>>>>>>>>>>>>> NO ANTERIOR ANTES DA INSERCAO -> RRN: 30 C[0]: 280683076163 -> C[1]: 286039551007 -> C[2]: -1 -> C[3]: -1 -> C[4]: 0 -> 

>>>>>>>>>>>>>> CHAVE PARA PROMOVER: 47673597909
>>>>>>>>>>>>>> NO APOS INSERCAO -> RRN: 30 C[0]: 47673597909 -> P[0]: 25 || C[1]: 280683076163 -> P[1]: 51 || C[2]: 286039551007 -> P[2]: 34 || C[3]: -1 -> P[3]: -1 || C[4]: 0 -> P[4]: -1 || 

  >>>>>>>>>>>>>> NO ESQUERDA -> RRN: 25 C[0]: 47673362182 -> P[0]: -1 || C[1]: 47673362239 -> P[1]: -1 || C[2]: -1 -> P[2]: -1 || C[3]: -1 -> P[3]: -1 || C[4]: 0 -> P[4]: -1 || 
  >>>>>>>>>>>>>> NO DIREITA -> RRN: 51 C[0]: 50862597498 -> P[0]: -1 || C[1]: 207704585475 -> P[1]: -1 || C[2]: -1 -> P[2]: -1 || C[3]: -1 -> P[3]: -1 || C[4]: 0 -> P[4]: -1 || 

OFFSET: 46400
OFFSET: 46560
OFFSET: 46720
OFFSET: 46880
OFFSET: 47040
OFFSET: 47200
OFFSET: 47360
OFFSET: 47520
OFFSET: 47680
OFFSET: 47840
OFFSET: 48000
=========================================== NOVO INSERIR COM OVERFLOW ===========================================
>>>>>>>>>>>>>> NO ANTERIOR ANTES DA INSERCAO -> RRN: 18 C[0]: 220708166 -> C[1]: 1324256454 -> C[2]: 1324260421 -> C[3]: 7231658954 -> C[4]: 0 -> 

>>>>>>>>>>>>>> CHAVE PARA PROMOVER: 248627724
>>>>>>>>>>>>>> NO APOS INSERCAO -> RRN: 18 C[0]: 220708166 -> P[0]: 8 || C[1]: 1324256454 -> P[1]: 43 || C[2]: 1324260421 -> P[2]: 52 || C[3]: 7231658954 -> P[3]: 45 || C[4]: 0 -> P[4]: 40 || 

  >>>>>>>>>>>>>> NO ESQUERDA -> RRN: 43 C[0]: 220709437 -> P[0]: -1 || C[1]: 220709947 -> P[1]: -1 || C[2]: -1 -> P[2]: -1 || C[3]: -1 -> P[3]: -1 || C[4]: 0 -> P[4]: -1 || 
  >>>>>>>>>>>>>> NO DIREITA -> RRN: 52 C[0]: 355416031 -> P[0]: -1 || C[1]: 1201593846 -> P[1]: -1 || C[2]: -1 -> P[2]: -1 || C[3]: -1 -> P[3]: -1 || C[4]: 0 -> P[4]: -1 || 

>>>>>>>>>>>>>> NO ANTERIOR ANTES DA INSERCAO -> RRN: 31 C[0]: 7878133592 -> C[1]: 44447498963 -> C[2]: 47673214332 -> C[3]: 47673344887 -> C[4]: 0 -> 

>>>>>>>>>>>>>> CHAVE PARA PROMOVER: 1324256454
>>>>>>>>>>>>>> NO APOS INSERCAO -> RRN: 31 C[0]: 7878133592 -> P[0]: 18 || C[1]: 44447498963 -> P[1]: 53 || C[2]: 47673214332 -> P[2]: 42 || C[3]: 47673344887 -> P[3]: -1 || C[4]: 0 -> P[4]: -1 || 

  >>>>>>>>>>>>>> NO ESQUERDA -> RRN: 18 C[0]: 220708166 -> P[0]: 8 || C[1]: 355416031 -> P[1]: 43 || C[2]: -1 -> P[2]: -1 || C[3]: -1 -> P[3]: -1 || C[4]: 0 -> P[4]: -1 || 
  >>>>>>>>>>>>>> NO DIREITA -> RRN: 53 C[0]: 1324260421 -> P[0]: 45 || C[1]: 7231658954 -> P[1]: 40 || C[2]: -1 -> P[2]: -1 || C[3]: -1 -> P[3]: -1 || C[4]: 0 -> P[4]: -1 || 

>>>>>>>>>>>>>> NO ANTERIOR ANTES DA INSERCAO -> RRN: 49 C[0]: 47673351570 -> C[1]: -1 -> C[2]: -1 -> C[3]: -1 -> C[4]: 0 -> 

>>>>>>>>>>>>>> CHAVE PARA PROMOVER: 44447498963
>>>>>>>>>>>>>> NO APOS INSERCAO -> RRN: 49 C[0]: 44447498963 -> P[0]: 31 || C[1]: 47673351570 -> P[1]: 54 || C[2]: -1 -> P[2]: 48 || C[3]: -1 -> P[3]: -1 || C[4]: 0 -> P[4]: -1 || 

  >>>>>>>>>>>>>> NO ESQUERDA -> RRN: 31 C[0]: 355416031 -> P[0]: 18 || C[1]: 7878133592 -> P[1]: 53 || C[2]: -1 -> P[2]: -1 || C[3]: -1 -> P[3]: -1 || C[4]: 0 -> P[4]: -1 || 
  >>>>>>>>>>>>>> NO DIREITA -> RRN: 54 C[0]: 47673214332 -> P[0]: -1 || C[1]: 47673344887 -> P[1]: -1 || C[2]: -1 -> P[2]: -1 || C[3]: -1 -> P[3]: -1 || C[4]: 0 -> P[4]: -1 || 

OFFSET: 48160
OFFSET: 48320
OFFSET: 48480
OFFSET: 48640
OFFSET: 48800
OFFSET: 48960
OFFSET: 49120
OFFSET: 49280
OFFSET: 49440
OFFSET: 49600
=========================================== NOVO INSERIR COM OVERFLOW ===========================================
>>>>>>>>>>>>>> NO ANTERIOR ANTES DA INSERCAO -> RRN: 49 C[0]: 44447498963 -> C[1]: 47673351570 -> C[2]: -1 -> C[3]: -1 -> C[4]: 0 -> 

>>>>>>>>>>>>>> CHAVE PARA PROMOVER: 1716239209093
>>>>>>>>>>>>>> NO APOS INSERCAO -> RRN: 49 C[0]: 44447498963 -> P[0]: 31 || C[1]: 47673351570 -> P[1]: 54 || C[2]: 1716239209093 -> P[2]: 48 || C[3]: -1 -> P[3]: 55 || C[4]: 0 -> P[4]: -1 || 

  >>>>>>>>>>>>>> NO ESQUERDA -> RRN: 48 C[0]: 286039719924 -> P[0]: 30 || C[1]: 1644012826770 -> P[1]: 47 || C[2]: -1 -> P[2]: -1 || C[3]: -1 -> P[3]: -1 || C[4]: 0 -> P[4]: -1 || 
  >>>>>>>>>>>>>> NO DIREITA -> RRN: 55 C[0]: 10297432755132 -> P[0]: -1 || C[1]: 10297446175357 -> P[1]: -1 || C[2]: -1 -> P[2]: -1 || C[3]: -1 -> P[3]: -1 || C[4]: 0 -> P[4]: -1 || 

OFFSET: 49760
OFFSET: 49920
OFFSET: 50080
OFFSET: 50240
OFFSET: 50400
=========================================== NOVO INSERIR COM OVERFLOW ===========================================
>>>>>>>>>>>>>> NO ANTERIOR ANTES DA INSERCAO -> RRN: 49 C[0]: 44447498963 -> C[1]: 47673351570 -> C[2]: 1716239209093 -> C[3]: -1 -> C[4]: 0 -> 

>>>>>>>>>>>>>> CHAVE PARA PROMOVER: 47673298620
>>>>>>>>>>>>>> NO APOS INSERCAO -> RRN: 49 C[0]: 44447498963 -> P[0]: 31 || C[1]: 47673298620 -> P[1]: 54 || C[2]: 47673351570 -> P[2]: 56 || C[3]: 1716239209093 -> P[3]: 48 || C[4]: 0 -> P[4]: 55 || 

  >>>>>>>>>>>>>> NO ESQUERDA -> RRN: 54 C[0]: 45667022654 -> P[0]: -1 || C[1]: 47673214332 -> P[1]: -1 || C[2]: -1 -> P[2]: -1 || C[3]: -1 -> P[3]: -1 || C[4]: 0 -> P[4]: -1 || 
  >>>>>>>>>>>>>> NO DIREITA -> RRN: 56 C[0]: 47673312823 -> P[0]: -1 || C[1]: 47673344887 -> P[1]: -1 || C[2]: -1 -> P[2]: -1 || C[3]: -1 -> P[3]: -1 || C[4]: 0 -> P[4]: -1 || 

OFFSET: 50560
=========================================== NOVO INSERIR COM OVERFLOW ===========================================
>>>>>>>>>>>>>> NO ANTERIOR ANTES DA INSERCAO -> RRN: 2 C[0]: 397060 -> C[1]: 3339625 -> C[2]: 7683301 -> C[3]: 15647949 -> C[4]: 0 -> 

>>>>>>>>>>>>>> CHAVE PARA PROMOVER: 5715660
>>>>>>>>>>>>>> NO APOS INSERCAO -> RRN: 2 C[0]: 397060 -> P[0]: 0 || C[1]: 3339625 -> P[1]: 50 || C[2]: 7683301 -> P[2]: 23 || C[3]: 15647949 -> P[3]: 57 || C[4]: 0 -> P[4]: -1 || 

  >>>>>>>>>>>>>> NO ESQUERDA -> RRN: 23 C[0]: 5425477 -> P[0]: -1 || C[1]: 5579980 -> P[1]: -1 || C[2]: -1 -> P[2]: -1 || C[3]: -1 -> P[3]: -1 || C[4]: 0 -> P[4]: -1 || 
  >>>>>>>>>>>>>> NO DIREITA -> RRN: 57 C[0]: 6111270 -> P[0]: -1 || C[1]: 7678764 -> P[1]: -1 || C[2]: -1 -> P[2]: -1 || C[3]: -1 -> P[3]: -1 || C[4]: 0 -> P[4]: -1 || 

>>>>>>>>>>>>>> NO ANTERIOR ANTES DA INSERCAO -> RRN: 8 C[0]: 26020556 -> C[1]: 36310039 -> C[2]: 216248343 -> C[3]: 218836506 -> C[4]: 0 -> 

>>>>>>>>>>>>>> CHAVE PARA PROMOVER: 5425477
>>>>>>>>>>>>>> NO APOS INSERCAO -> RRN: 8 C[0]: 26020556 -> P[0]: 2 || C[1]: 36310039 -> P[1]: 58 || C[2]: 216248343 -> P[2]: 32 || C[3]: 218836506 -> P[3]: 46 || C[4]: 0 -> P[4]: -1 || 

  >>>>>>>>>>>>>> NO ESQUERDA -> RRN: 2 C[0]: 397060 -> P[0]: 0 || C[1]: 3339625 -> P[1]: 50 || C[2]: -1 -> P[2]: -1 || C[3]: -1 -> P[3]: -1 || C[4]: 0 -> P[4]: -1 || 
  >>>>>>>>>>>>>> NO DIREITA -> RRN: 58 C[0]: 7683301 -> P[0]: 57 || C[1]: 15647949 -> P[1]: -1 || C[2]: -1 -> P[2]: -1 || C[3]: -1 -> P[3]: -1 || C[4]: 0 -> P[4]: -1 || 

>>>>>>>>>>>>>> NO ANTERIOR ANTES DA INSERCAO -> RRN: 18 C[0]: 220708166 -> C[1]: 355416031 -> C[2]: -1 -> C[3]: -1 -> C[4]: 0 -> 

>>>>>>>>>>>>>> CHAVE PARA PROMOVER: 36310039
>>>>>>>>>>>>>> NO APOS INSERCAO -> RRN: 18 C[0]: 36310039 -> P[0]: 8 || C[1]: 220708166 -> P[1]: 59 || C[2]: 355416031 -> P[2]: 43 || C[3]: -1 -> P[3]: -1 || C[4]: 0 -> P[4]: -1 || 

  >>>>>>>>>>>>>> NO ESQUERDA -> RRN: 8 C[0]: 5425477 -> P[0]: 2 || C[1]: 26020556 -> P[1]: 58 || C[2]: -1 -> P[2]: -1 || C[3]: -1 -> P[3]: -1 || C[4]: 0 -> P[4]: -1 || 
  >>>>>>>>>>>>>> NO DIREITA -> RRN: 59 C[0]: 216248343 -> P[0]: 46 || C[1]: 218836506 -> P[1]: -1 || C[2]: -1 -> P[2]: -1 || C[3]: -1 -> P[3]: -1 || C[4]: 0 -> P[4]: -1 || 

OFFSET: 50720
OFFSET: 50880
OFFSET: 51040
7311.700000
